

============================== 2022-07-21 00:19:04.327114 | 87c361a6-5f96-41be-8d53-8286d25db74c ==============================
00:19:04.327133 [info ] [MainThread]: Running with dbt=1.1.1
00:19:04.328303 [debug] [MainThread]: running dbt with arguments {'write_json': True, 'use_colors': True, 'printer_width': 80, 'version_check': True, 'partial_parse': True, 'static_parser': True, 'profiles_dir': '/home/abel-ubuntu/.dbt', 'send_anonymous_usage_stats': True, 'event_buffer_size': 100000, 'quiet': False, 'no_print': False, 'project_name': 'data-warehouse-dbt', 'skip_profile_setup': False, 'which': 'init', 'indirect_selection': 'eager'}
00:19:04.328712 [debug] [MainThread]: Tracking: tracking
00:19:04.334688 [debug] [MainThread]: Sending event: {'category': 'dbt', 'action': 'invocation', 'label': 'start', 'context': [<snowplow_tracker.self_describing_json.SelfDescribingJson object at 0x7ff58cbda550>, <snowplow_tracker.self_describing_json.SelfDescribingJson object at 0x7ff58cbda3a0>, <snowplow_tracker.self_describing_json.SelfDescribingJson object at 0x7ff58cbda460>]}
00:19:04.335909 [info ] [MainThread]: Creating dbt configuration folder at /home/abel-ubuntu/.dbt
00:20:32.690169 [debug] [MainThread]: Starter project path: /home/abel-ubuntu/workspace/data-warehouse-dbt/dbt-env/lib/python3.9/site-packages/dbt/include/starter_project
00:26:50.462502 [info ] [MainThread]: Profile dbt written to /home/abel-ubuntu/.dbt/profiles.yml using target's sample configuration. Once updated, you'll be able to start developing with dbt.
00:26:50.463226 [info ] [MainThread]: 
Your new dbt project "dbt" was created!

For more information on how to configure the profiles.yml file,
please consult the dbt documentation here:

  https://docs.getdbt.com/docs/configure-your-profile

One more thing:

Need help? Don't hesitate to reach out to us via GitHub issues or on Slack:

  https://community.getdbt.com/

Happy modeling!

00:26:50.463887 [debug] [MainThread]: Sending event: {'category': 'dbt', 'action': 'invocation', 'label': 'end', 'context': [<snowplow_tracker.self_describing_json.SelfDescribingJson object at 0x7ff58b3a90a0>, <snowplow_tracker.self_describing_json.SelfDescribingJson object at 0x7ff58b3b9040>, <snowplow_tracker.self_describing_json.SelfDescribingJson object at 0x7ff58b3b90a0>]}


============================== 2022-07-21 00:52:42.795297 | d7de8a09-ef3e-48b4-88f7-81cc34d235a8 ==============================
00:52:42.795318 [info ] [MainThread]: Running with dbt=1.1.1
00:52:42.806997 [debug] [MainThread]: running dbt with arguments {'write_json': True, 'use_colors': True, 'printer_width': 80, 'version_check': True, 'partial_parse': True, 'static_parser': True, 'profiles_dir': '/home/abel-ubuntu/.dbt', 'send_anonymous_usage_stats': True, 'event_buffer_size': 100000, 'quiet': False, 'no_print': False, 'project_name': 'ola', 'skip_profile_setup': False, 'which': 'init', 'indirect_selection': 'eager'}
00:52:42.807329 [debug] [MainThread]: Tracking: tracking
00:52:42.820786 [debug] [MainThread]: Sending event: {'category': 'dbt', 'action': 'invocation', 'label': 'start', 'context': [<snowplow_tracker.self_describing_json.SelfDescribingJson object at 0x7fa1d9861cd0>, <snowplow_tracker.self_describing_json.SelfDescribingJson object at 0x7fa1d9861c10>, <snowplow_tracker.self_describing_json.SelfDescribingJson object at 0x7fa1d9861d00>]}
00:52:42.823804 [debug] [MainThread]: Starter project path: /home/abel-ubuntu/workspace/data-warehouse-dbt/dbt-env/lib/python3.9/site-packages/dbt/include/starter_project


============================== 2022-07-21 20:25:51.613631 | da9c1ac9-2448-4576-9c04-7973c41b24fd ==============================
20:25:51.613662 [info ] [MainThread]: Running with dbt=1.1.1
20:25:51.628515 [debug] [MainThread]: running dbt with arguments {'write_json': True, 'use_colors': True, 'printer_width': 80, 'version_check': True, 'partial_parse': True, 'static_parser': True, 'profiles_dir': '/home/abel-ubuntu/.dbt', 'send_anonymous_usage_stats': True, 'event_buffer_size': 100000, 'quiet': False, 'no_print': False, 'config_dir': False, 'which': 'debug', 'indirect_selection': 'eager'}
20:25:51.628876 [debug] [MainThread]: Tracking: tracking
20:25:51.662809 [debug] [MainThread]: Sending event: {'category': 'dbt', 'action': 'invocation', 'label': 'start', 'context': [<snowplow_tracker.self_describing_json.SelfDescribingJson object at 0x7f35a9ae9dc0>, <snowplow_tracker.self_describing_json.SelfDescribingJson object at 0x7f35a9ae9c10>, <snowplow_tracker.self_describing_json.SelfDescribingJson object at 0x7f35a9ae9d00>]}
20:25:52.996832 [debug] [MainThread]: Executing "git --help"
20:25:53.002978 [debug] [MainThread]: STDOUT: "b"usage: git [--version] [--help] [-C <path>] [-c <name>=<value>]\n           [--exec-path[=<path>]] [--html-path] [--man-path] [--info-path]\n           [-p | --paginate | -P | --no-pager] [--no-replace-objects] [--bare]\n           [--git-dir=<path>] [--work-tree=<path>] [--namespace=<name>]\n           [--super-prefix=<path>] [--config-env=<name>=<envvar>]\n           <command> [<args>]\n\nThese are common Git commands used in various situations:\n\nstart a working area (see also: git help tutorial)\n   clone     Clone a repository into a new directory\n   init      Create an empty Git repository or reinitialize an existing one\n\nwork on the current change (see also: git help everyday)\n   add       Add file contents to the index\n   mv        Move or rename a file, a directory, or a symlink\n   restore   Restore working tree files\n   rm        Remove files from the working tree and from the index\n\nexamine the history and state (see also: git help revisions)\n   bisect    Use binary search to find the commit that introduced a bug\n   diff      Show changes between commits, commit and working tree, etc\n   grep      Print lines matching a pattern\n   log       Show commit logs\n   show      Show various types of objects\n   status    Show the working tree status\n\ngrow, mark and tweak your common history\n   branch    List, create, or delete branches\n   commit    Record changes to the repository\n   merge     Join two or more development histories together\n   rebase    Reapply commits on top of another base tip\n   reset     Reset current HEAD to the specified state\n   switch    Switch branches\n   tag       Create, list, delete or verify a tag object signed with GPG\n\ncollaborate (see also: git help workflows)\n   fetch     Download objects and refs from another repository\n   pull      Fetch from and integrate with another repository or a local branch\n   push      Update remote refs along with associated objects\n\n'git help -a' and 'git help -g' list available subcommands and some\nconcept guides. See 'git help <command>' or 'git help <concept>'\nto read about a specific subcommand or concept.\nSee 'git help git' for an overview of the system.\n""
20:25:53.004012 [debug] [MainThread]: STDERR: "b''"
20:25:53.028792 [debug] [MainThread]: Acquiring new postgres connection "debug"
20:25:53.029814 [debug] [MainThread]: Using postgres connection "debug"
20:25:53.030303 [debug] [MainThread]: On debug: select 1 as id
20:25:53.030813 [debug] [MainThread]: Opening a new connection, currently in state init
20:25:54.383339 [debug] [MainThread]: SQL status: SELECT 1 in 1.35 seconds
20:25:54.385271 [debug] [MainThread]: On debug: Close
20:25:54.386096 [debug] [MainThread]: Sending event: {'category': 'dbt', 'action': 'invocation', 'label': 'end', 'context': [<snowplow_tracker.self_describing_json.SelfDescribingJson object at 0x7f35a825ca60>, <snowplow_tracker.self_describing_json.SelfDescribingJson object at 0x7f35a825c760>, <snowplow_tracker.self_describing_json.SelfDescribingJson object at 0x7f35a825cfa0>]}
20:26:02.729034 [debug] [MainThread]: Connection 'debug' was properly closed.


============================== 2022-07-21 21:39:04.414832 | c0b0c7a3-5315-4d74-a80e-b9dd0d2a5566 ==============================
21:39:04.414848 [info ] [MainThread]: Running with dbt=1.1.1
21:39:04.441510 [debug] [MainThread]: running dbt with arguments {'write_json': True, 'use_colors': True, 'printer_width': 80, 'version_check': True, 'partial_parse': True, 'static_parser': True, 'profiles_dir': '/home/abel-ubuntu/.dbt', 'send_anonymous_usage_stats': True, 'event_buffer_size': 100000, 'quiet': False, 'no_print': False, 'project_name': 'dbt', 'skip_profile_setup': False, 'which': 'init', 'indirect_selection': 'eager'}
21:39:04.441834 [debug] [MainThread]: Tracking: tracking
21:39:04.470231 [debug] [MainThread]: Sending event: {'category': 'dbt', 'action': 'invocation', 'label': 'start', 'context': [<snowplow_tracker.self_describing_json.SelfDescribingJson object at 0x7f7c099f0c70>, <snowplow_tracker.self_describing_json.SelfDescribingJson object at 0x7f7c099f0100>, <snowplow_tracker.self_describing_json.SelfDescribingJson object at 0x7f7c099f0bb0>]}
21:39:04.472384 [info ] [MainThread]: A project called dbt already exists here.
21:39:04.473305 [debug] [MainThread]: Sending event: {'category': 'dbt', 'action': 'invocation', 'label': 'end', 'context': [<snowplow_tracker.self_describing_json.SelfDescribingJson object at 0x7f7c099f0280>, <snowplow_tracker.self_describing_json.SelfDescribingJson object at 0x7f7c099f0be0>, <snowplow_tracker.self_describing_json.SelfDescribingJson object at 0x7f7c099f04c0>]}
